<?xml version="1.0" encoding="UTF-8"?>
<testsuite xmlns:xsi="http://www.w3.org/2001/XMLSchema-instance" xsi:noNamespaceSchemaLocation="https://maven.apache.org/surefire/maven-surefire-plugin/xsd/surefire-test-report-3.0.xsd" version="3.0" name="mx.unam.ciencias.edd.test.TestLista" time="0.104" tests="27" errors="0" skipped="0" failures="0">
  <properties>
[...]
</properties>
  <testcase name="testAgregaFinal" classname="mx.unam.ciencias.edd.test.TestLista" time="0.007"/>
  <testcase name="testElimina" classname="mx.unam.ciencias.edd.test.TestLista" time="0.0"/>
  <testcase name="testEsVacia" classname="mx.unam.ciencias.edd.test.TestLista" time="0.0"/>
  <testcase name="testEliminaPrimero" classname="mx.unam.ciencias.edd.test.TestLista" time="0.002"/>
  <testcase name="testIteradorHasNext" classname="mx.unam.ciencias.edd.test.TestLista" time="0.0"/>
  <testcase name="testGet" classname="mx.unam.ciencias.edd.test.TestLista" time="0.0"/>
  <testcase name="testAgregaInicio" classname="mx.unam.ciencias.edd.test.TestLista" time="0.001"/>
  <testcase name="testCopia" classname="mx.unam.ciencias.edd.test.TestLista" time="0.001"/>
  <testcase name="testToString" classname="mx.unam.ciencias.edd.test.TestLista" time="0.007"/>
  <testcase name="testIteradorStart" classname="mx.unam.ciencias.edd.test.TestLista" time="0.0"/>
  <testcase name="testGetLongitud" classname="mx.unam.ciencias.edd.test.TestLista" time="0.0"/>
  <testcase name="testEliminaUltimo" classname="mx.unam.ciencias.edd.test.TestLista" time="0.001"/>
  <testcase name="testGetPrimero" classname="mx.unam.ciencias.edd.test.TestLista" time="0.001"/>
  <testcase name="testContiene" classname="mx.unam.ciencias.edd.test.TestLista" time="0.0"/>
  <testcase name="testIteradorNext" classname="mx.unam.ciencias.edd.test.TestLista" time="0.0"/>
  <testcase name="testIteradorPrevious" classname="mx.unam.ciencias.edd.test.TestLista" time="0.001"/>
  <testcase name="testIteradorEnd" classname="mx.unam.ciencias.edd.test.TestLista" time="0.001"/>
  <testcase name="testReversa" classname="mx.unam.ciencias.edd.test.TestLista" time="0.0"/>
  <testcase name="testGetElementos" classname="mx.unam.ciencias.edd.test.TestLista" time="0.0"/>
  <testcase name="testIteradorHasPrevious" classname="mx.unam.ciencias.edd.test.TestLista" time="0.001"/>
  <testcase name="testIndiceDe" classname="mx.unam.ciencias.edd.test.TestLista" time="0.001"/>
  <testcase name="testAgrega" classname="mx.unam.ciencias.edd.test.TestLista" time="0.001"/>
  <testcase name="testEquals" classname="mx.unam.ciencias.edd.test.TestLista" time="0.002"/>
  <testcase name="testLimpia" classname="mx.unam.ciencias.edd.test.TestLista" time="0.001"/>
  <testcase name="testGetUltimo" classname="mx.unam.ciencias.edd.test.TestLista" time="0.001"/>
  <testcase name="testInserta" classname="mx.unam.ciencias.edd.test.TestLista" time="0.017"/>
  <testcase name="testConstructor" classname="mx.unam.ciencias.edd.test.TestLista" time="0.003"/>
</testsuite>